#
# There is insufficient memory for the Java Runtime Environment to continue.
# Native memory allocation (mmap) failed to map 234356736 bytes for committing reserved memory.
# Possible reasons:
#   The system is out of physical RAM or swap space
#   In 32 bit mode, the process size limit was hit
# Possible solutions:
#   Reduce memory load on the system
#   Increase physical memory or swap space
#   Check if swap backing store is full
#   Use 64 bit Java on a 64 bit OS
#   Decrease Java heap size (-Xmx/-Xms)
#   Decrease number of Java threads
#   Decrease Java thread stack sizes (-Xss)
#   Set larger code cache with -XX:ReservedCodeCacheSize=
# This output file may be truncated or incomplete.
#
#  Out of Memory Error (os_linux.cpp:2640), pid=12223, tid=0x00007f2361de0700
#
# JRE version: Java(TM) SE Runtime Environment (8.0_151-b12) (build 1.8.0_151-b12)
# Java VM: Java HotSpot(TM) 64-Bit Server VM (25.151-b12 mixed mode linux-amd64 compressed oops)
# Failed to write core dump. Core dumps have been disabled. To enable core dumping, try "ulimit -c unlimited" before starting Java again
#

---------------  T H R E A D  ---------------

Current thread (0x00007f2374077800):  VMThread [stack: 0x00007f2361ce0000,0x00007f2361de1000] [id=12233]

Stack: [0x00007f2361ce0000,0x00007f2361de1000],  sp=0x00007f2361ddf220,  free space=1020k
Native frames: (J=compiled Java code, j=interpreted, Vv=VM code, C=native code)
V  [libjvm.so+0xacb58a]  VMError::report_and_die()+0x2ba
V  [libjvm.so+0x4ff4ab]  report_vm_out_of_memory(char const*, int, unsigned long, VMErrorType, char const*)+0x8b
V  [libjvm.so+0x928113]  os::Linux::commit_memory_impl(char*, unsigned long, bool)+0x103
V  [libjvm.so+0x928669]  os::pd_commit_memory(char*, unsigned long, unsigned long, bool)+0x29
V  [libjvm.so+0x92288a]  os::commit_memory(char*, unsigned long, unsigned long, bool)+0x2a
V  [libjvm.so+0x9973e3]  PSVirtualSpace::expand_by(unsigned long)+0x53
V  [libjvm.so+0x987ca0]  PSOldGen::expand(unsigned long)+0x170
V  [libjvm.so+0x987eab]  PSOldGen::resize(unsigned long)+0x1cb
V  [libjvm.so+0x98fbb1]  PSParallelCompact::invoke_no_policy(bool)+0x991
V  [libjvm.so+0x99550d]  PSScavenge::invoke()+0x1ad
V  [libjvm.so+0x94c0d0]  ParallelScavengeHeap::failed_mem_allocate(unsigned long)+0x70
V  [libjvm.so+0xaccfa7]  VM_ParallelGCFailedAllocation::doit()+0x97
V  [libjvm.so+0xad4a85]  VM_Operation::evaluate()+0x55
V  [libjvm.so+0xad2e5a]  VMThread::evaluate_operation(VM_Operation*)+0xba
V  [libjvm.so+0xad31de]  VMThread::loop()+0x1ce
V  [libjvm.so+0xad3650]  VMThread::run()+0x70
V  [libjvm.so+0x92a728]  java_start(Thread*)+0x108

VM_Operation (0x00007f23523efa70): ParallelGCFailedAllocation, mode: safepoint, requested by thread 0x00007f237426f800


---------------  P R O C E S S  ---------------

Java Threads: ( => current thread )
  0x00007f230c281000 JavaThread "TimerQueue" daemon [_thread_blocked, id=12256, stack(0x00007f2350e26000,0x00007f2350f27000)]
  0x00007f230c1ba000 JavaThread "Abandoned connection cleanup thread" daemon [_thread_blocked, id=12254, stack(0x00007f2351bb5000,0x00007f2351cb6000)]
  0x00007f237400a000 JavaThread "DestroyJavaVM" [_thread_blocked, id=12225, stack(0x00007f237a8ba000,0x00007f237a9bb000)]
  0x00007f237426f800 JavaThread "AWT-EventQueue-0" [_thread_blocked, id=12249, stack(0x00007f23522f3000,0x00007f23523f4000)]
  0x00007f237426d800 JavaThread "AWT-Shutdown" [_thread_blocked, id=12248, stack(0x00007f23523f4000,0x00007f23524f5000)]
  0x00007f23741e2000 JavaThread "AWT-XAWT" daemon [_thread_blocked, id=12246, stack(0x00007f2352b1d000,0x00007f2352c1e000)]
  0x00007f23741c4800 JavaThread "Java2D Disposer" daemon [_thread_blocked, id=12243, stack(0x00007f235302e000,0x00007f235312f000)]
  0x00007f23740c0800 JavaThread "Service Thread" daemon [_thread_blocked, id=12241, stack(0x00007f2360c02000,0x00007f2360d03000)]
  0x00007f23740be000 JavaThread "C1 CompilerThread2" daemon [_thread_blocked, id=12240, stack(0x00007f2360d03000,0x00007f2360e04000)]
  0x00007f23740bc000 JavaThread "C2 CompilerThread1" daemon [_thread_blocked, id=12239, stack(0x00007f2360e04000,0x00007f2360f05000)]
  0x00007f23740b9000 JavaThread "C2 CompilerThread0" daemon [_thread_blocked, id=12238, stack(0x00007f2360f05000,0x00007f2361006000)]
  0x00007f23740b7800 JavaThread "Signal Dispatcher" daemon [_thread_blocked, id=12237, stack(0x00007f2361006000,0x00007f2361107000)]
  0x00007f2374084000 JavaThread "Finalizer" daemon [_thread_blocked, id=12235, stack(0x00007f2361ade000,0x00007f2361bdf000)]
  0x00007f237407f800 JavaThread "Reference Handler" daemon [_thread_blocked, id=12234, stack(0x00007f2361bdf000,0x00007f2361ce0000)]

Other Threads:
=>0x00007f2374077800 VMThread [stack: 0x00007f2361ce0000,0x00007f2361de1000] [id=12233]
  0x00007f23740c3800 WatcherThread [stack: 0x00007f2360b01000,0x00007f2360c02000] [id=12242]

VM state:at safepoint (normal execution)

VM Mutex/Monitor currently owned by a thread:  ([mutex/lock_event])
[0x00007f2374005a70] ExpandHeap_lock - owner thread: 0x00007f2374077800
[0x00007f23740060f0] Threads_lock - owner thread: 0x00007f2374077800
[0x00007f23740065f0] Heap_lock - owner thread: 0x00007f237426f800

Heap:
 PSYoungGen      total 432128K, used 159779K [0x00000000d7100000, 0x0000000100000000, 0x0000000100000000)
  eden space 224256K, 0% used [0x00000000d7100000,0x00000000d7100000,0x00000000e4c00000)
  from space 207872K, 76% used [0x00000000f3500000,0x00000000fd108d58,0x0000000100000000)
  to   space 223232K, 0% used [0x00000000e4c00000,0x00000000e4c00000,0x00000000f2600000)
 ParOldGen       total 462848K, used 462369K [0x0000000085200000, 0x00000000a1600000, 0x00000000d7100000)
  object space 462848K, 99% used [0x0000000085200000,0x00000000a1588658,0x00000000a1600000)
 Metaspace       used 19855K, capacity 20106K, committed 20480K, reserved 1067008K
  class space    used 2434K, capacity 2521K, committed 2560K, reserved 1048576K

Card table byte_map: [0x00007f236422e000,0x00007f2364606000] byte_map_base: 0x00007f2363e05000

Marking Bits: (ParMarkBitMap*) 0x00007f2379d8bf80
 Begin Bits: [0x00007f2358290000, 0x00007f235a148000)
 End Bits:   [0x00007f235a148000, 0x00007f235c000000)

Polling page: 0x00007f237a9dc000

CodeCache: size=245760Kb used=7986Kb max_used=7998Kb free=237773Kb
 bounds [0x00007f23649c6000, 0x00007f23651a6000, 0x00007f23739c6000]
 total_blobs=3044 nmethods=2395 adapters=561
 compilation: enabled

Compilation events (10 events):
Event: 17.106 Thread 0x00007f23740be000 2413       3       java.lang.ref.Finalizer::hasBeenFinalized (14 bytes)
Event: 17.106 Thread 0x00007f23740be000 nmethod 2413 0x00007f2364b44590 code [0x00007f2364b44700, 0x00007f2364b448b0]
Event: 17.107 Thread 0x00007f23740be000 2414   !   3       java.lang.ref.Finalizer::remove (94 bytes)
Event: 17.107 Thread 0x00007f23740be000 nmethod 2414 0x00007f2365197a10 code [0x00007f2365197ba0, 0x00007f2365198070]
Event: 18.126 Thread 0x00007f23740bc000 2415       4       sun.awt.X11.XToolkit::getDisplay (20 bytes)
Event: 18.126 Thread 0x00007f23740bc000 nmethod 2415 0x00007f23650ac4d0 code [0x00007f23650ac600, 0x00007f23650ac658]
Event: 29.142 Thread 0x00007f23740be000 2417       3       sun.awt.X11.XAtom::hashCode (15 bytes)
Event: 29.143 Thread 0x00007f23740be000 nmethod 2417 0x00007f2364b43990 code [0x00007f2364b43ae0, 0x00007f2364b43c50]
Event: 43.988 Thread 0x00007f23740b9000 2418       4       java.util.TreeMap::getEntry (84 bytes)
Event: 43.994 Thread 0x00007f23740b9000 nmethod 2418 0x00007f236519a790 code [0x00007f236519a920, 0x00007f236519ac48]

GC Heap History (10 events):
Event: 39.198 GC heap after
Heap after GC invocations=15 (full 3):
 PSYoungGen      total 365056K, used 84867K [0x00000000d7100000, 0x00000000fd500000, 0x0000000100000000)
  eden space 236032K, 0% used [0x00000000d7100000,0x00000000d7100000,0x00000000e5780000)
  from space 129024K, 65% used [0x00000000f0000000,0x00000000f52e0e10,0x00000000f7e00000)
  to   space 172544K, 0% used [0x00000000e5780000,0x00000000e5780000,0x00000000f0000000)
 ParOldGen       total 462848K, used 286135K [0x0000000085200000, 0x00000000a1600000, 0x00000000d7100000)
  object space 462848K, 61% used [0x0000000085200000,0x000000009696ddd8,0x00000000a1600000)
 Metaspace       used 19855K, capacity 20106K, committed 20480K, reserved 1067008K
  class space    used 2434K, capacity 2521K, committed 2560K, reserved 1048576K
}
Event: 41.431 GC heap before
{Heap before GC invocations=16 (full 3):
 PSYoungGen      total 365056K, used 320899K [0x00000000d7100000, 0x00000000fd500000, 0x0000000100000000)
  eden space 236032K, 100% used [0x00000000d7100000,0x00000000e5780000,0x00000000e5780000)
  from space 129024K, 65% used [0x00000000f0000000,0x00000000f52e0e10,0x00000000f7e00000)
  to   space 172544K, 0% used [0x00000000e5780000,0x00000000e5780000,0x00000000f0000000)
 ParOldGen       total 462848K, used 286135K [0x0000000085200000, 0x00000000a1600000, 0x00000000d7100000)
  object space 462848K, 61% used [0x0000000085200000,0x000000009696ddd8,0x00000000a1600000)
 Metaspace       used 19855K, capacity 20106K, committed 20480K, reserved 1067008K
  class space    used 2434K, capacity 2521K, committed 2560K, reserved 1048576K
Event: 42.436 GC heap after
Heap after GC invocations=16 (full 3):
 PSYoungGen      total 408576K, used 106912K [0x00000000d7100000, 0x00000000fe300000, 0x0000000100000000)
  eden space 236032K, 0% used [0x00000000d7100000,0x00000000d7100000,0x00000000e5780000)
  from space 172544K, 61% used [0x00000000e5780000,0x00000000ebfe8000,0x00000000f0000000)
  to   space 178176K, 0% used [0x00000000f3500000,0x00000000f3500000,0x00000000fe300000)
 ParOldGen       total 462848K, used 325607K [0x0000000085200000, 0x00000000a1600000, 0x00000000d7100000)
  object space 462848K, 70% used [0x0000000085200000,0x0000000098ff9dd8,0x00000000a1600000)
 Metaspace       used 19855K, capacity 20106K, committed 20480K, reserved 1067008K
  class space    used 2434K, capacity 2521K, committed 2560K, reserved 1048576K
}
Event: 44.392 GC heap before
{Heap before GC invocations=17 (full 3):
 PSYoungGen      total 408576K, used 342944K [0x00000000d7100000, 0x00000000fe300000, 0x0000000100000000)
  eden space 236032K, 100% used [0x00000000d7100000,0x00000000e5780000,0x00000000e5780000)
  from space 172544K, 61% used [0x00000000e5780000,0x00000000ebfe8000,0x00000000f0000000)
  to   space 178176K, 0% used [0x00000000f3500000,0x00000000f3500000,0x00000000fe300000)
 ParOldGen       total 462848K, used 325607K [0x0000000085200000, 0x00000000a1600000, 0x00000000d7100000)
  object space 462848K, 70% used [0x0000000085200000,0x0000000098ff9dd8,0x00000000a1600000)
 Metaspace       used 19855K, capacity 20106K, committed 20480K, reserved 1067008K
  class space    used 2434K, capacity 2521K, committed 2560K, reserved 1048576K
Event: 45.307 GC heap after
Heap after GC invocations=17 (full 3):
 PSYoungGen      total 436736K, used 168192K [0x00000000d7100000, 0x0000000100000000, 0x0000000100000000)
  eden space 258560K, 0% used [0x00000000d7100000,0x00000000d7100000,0x00000000e6d80000)
  from space 178176K, 94% used [0x00000000f3500000,0x00000000fd940000,0x00000000fe300000)
  to   space 204288K, 0% used [0x00000000e6d80000,0x00000000e6d80000,0x00000000f3500000)
 ParOldGen       total 462848K, used 325607K [0x0000000085200000, 0x00000000a1600000, 0x00000000d7100000)
  object space 462848K, 70% used [0x0000000085200000,0x0000000098ff9dd8,0x00000000a1600000)
 Metaspace       used 19855K, capacity 20106K, committed 20480K, reserved 1067008K
  class space    used 2434K, capacity 2521K, committed 2560K, reserved 1048576K
}
Event: 47.765 GC heap before
{Heap before GC invocations=18 (full 3):
 PSYoungGen      total 436736K, used 426752K [0x00000000d7100000, 0x0000000100000000, 0x0000000100000000)
  eden space 258560K, 100% used [0x00000000d7100000,0x00000000e6d80000,0x00000000e6d80000)
  from space 178176K, 94% used [0x00000000f3500000,0x00000000fd940000,0x00000000fe300000)
  to   space 204288K, 0% used [0x00000000e6d80000,0x00000000e6d80000,0x00000000f3500000)
 ParOldGen       total 462848K, used 325607K [0x0000000085200000, 0x00000000a1600000, 0x00000000d7100000)
  object space 462848K, 70% used [0x0000000085200000,0x0000000098ff9dd8,0x00000000a1600000)
 Metaspace       used 19855K, capacity 20106K, committed 20480K, reserved 1067008K
  class space    used 2434K, capacity 2521K, committed 2560K, reserved 1048576K
Event: 49.112 GC heap after
Heap after GC invocations=18 (full 3):
 PSYoungGen      total 462848K, used 204288K [0x00000000d7100000, 0x0000000100000000, 0x0000000100000000)
  eden space 258560K, 0% used [0x00000000d7100000,0x00000000d7100000,0x00000000e6d80000)
  from space 204288K, 100% used [0x00000000e6d80000,0x00000000f3500000,0x00000000f3500000)
  to   space 207872K, 0% used [0x00000000f3500000,0x00000000f3500000,0x0000000100000000)
 ParOldGen       total 462848K, used 356599K [0x0000000085200000, 0x00000000a1600000, 0x00000000d7100000)
  object space 462848K, 77% used [0x0000000085200000,0x000000009ae3ddd8,0x00000000a1600000)
 Metaspace       used 19855K, capacity 20106K, committed 20480K, reserved 1067008K
  class space    used 2434K, capacity 2521K, committed 2560K, reserved 1048576K
}
Event: 51.330 GC heap before
{Heap before GC invocations=19 (full 3):
 PSYoungGen      total 462848K, used 447119K [0x00000000d7100000, 0x0000000100000000, 0x0000000100000000)
  eden space 258560K, 93% used [0x00000000d7100000,0x00000000e5e23fe0,0x00000000e6d80000)
  from space 204288K, 100% used [0x00000000e6d80000,0x00000000f3500000,0x00000000f3500000)
  to   space 207872K, 0% used [0x00000000f3500000,0x00000000f3500000,0x0000000100000000)
 ParOldGen       total 462848K, used 356599K [0x0000000085200000, 0x00000000a1600000, 0x00000000d7100000)
  object space 462848K, 77% used [0x0000000085200000,0x000000009ae3ddd8,0x00000000a1600000)
 Metaspace       used 19855K, capacity 20106K, committed 20480K, reserved 1067008K
  class space    used 2434K, capacity 2521K, committed 2560K, reserved 1048576K
Event: 53.040 GC heap after
Heap after GC invocations=19 (full 3):
 PSYoungGen      total 432128K, used 190240K [0x00000000d7100000, 0x0000000100000000, 0x0000000100000000)
  eden space 224256K, 0% used [0x00000000d7100000,0x00000000d7100000,0x00000000e4c00000)
  from space 207872K, 91% used [0x00000000f3500000,0x00000000feec8000,0x0000000100000000)
  to   space 223232K, 0% used [0x00000000e4c00000,0x00000000e4c00000,0x00000000f2600000)
 ParOldGen       total 462848K, used 432767K [0x0000000085200000, 0x00000000a1600000, 0x00000000d7100000)
  object space 462848K, 93% used [0x0000000085200000,0x000000009f89fdd8,0x00000000a1600000)
 Metaspace       used 19855K, capacity 20106K, committed 20480K, reserved 1067008K
  class space    used 2434K, capacity 2521K, committed 2560K, reserved 1048576K
}
Event: 53.040 GC heap before
{Heap before GC invocations=20 (full 4):
 PSYoungGen      total 432128K, used 190240K [0x00000000d7100000, 0x0000000100000000, 0x0000000100000000)
  eden space 224256K, 0% used [0x00000000d7100000,0x00000000d7100000,0x00000000e4c00000)
  from space 207872K, 91% used [0x00000000f3500000,0x00000000feec8000,0x0000000100000000)
  to   space 223232K, 0% used [0x00000000e4c00000,0x00000000e4c00000,0x00000000f2600000)
 ParOldGen       total 462848K, used 432767K [0x0000000085200000, 0x00000000a1600000, 0x00000000d7100000)
  object space 462848K, 93% used [0x0000000085200000,0x000000009f89fdd8,0x00000000a1600000)
 Metaspace       used 19855K, capacity 20106K, committed 20480K, reserved 1067008K
  class space    used 2434K, capacity 2521K, committed 2560K, reserved 1048576K

Deoptimization events (10 events):
Event: 7.084 Thread 0x00007f237426f800 Uncommon trap: reason=class_check action=maybe_recompile pc=0x00007f2364b35070 method=java.lang.String.equals(Ljava/lang/Object;)Z @ 8
Event: 7.084 Thread 0x00007f237426f800 Uncommon trap: reason=class_check action=maybe_recompile pc=0x00007f2364b35070 method=java.lang.String.equals(Ljava/lang/Object;)Z @ 8
Event: 8.894 Thread 0x00007f237426f800 Uncommon trap: reason=unstable_if action=reinterpret pc=0x00007f2364eb52e8 method=javax.swing.plaf.nimbus.DerivedColor.equals(Ljava/lang/Object;)Z @ 45
Event: 8.894 Thread 0x00007f237426f800 Uncommon trap: reason=unstable_if action=reinterpret pc=0x00007f2364f6106c method=java.util.concurrent.ConcurrentHashMap.get(Ljava/lang/Object;)Ljava/lang/Object; @ 76
Event: 9.036 Thread 0x00007f237426f800 Uncommon trap: reason=unstable_if action=reinterpret pc=0x00007f2364f82f74 method=java.lang.ref.SoftReference.get()Ljava/lang/Object; @ 17
Event: 9.036 Thread 0x00007f237426f800 Uncommon trap: reason=unstable_if action=reinterpret pc=0x00007f2364f7c794 method=java.lang.ref.SoftReference.get()Ljava/lang/Object; @ 17
Event: 9.036 Thread 0x00007f237426f800 Uncommon trap: reason=unstable_if action=reinterpret pc=0x00007f2364db5ea0 method=java.lang.ref.SoftReference.get()Ljava/lang/Object; @ 17
Event: 9.147 Thread 0x00007f237426f800 Uncommon trap: reason=unstable_if action=reinterpret pc=0x00007f2364c7e7e0 method=java.lang.CharacterData.of(I)Ljava/lang/CharacterData; @ 4
Event: 9.627 Thread 0x00007f237426f800 Uncommon trap: reason=unstable_if action=reinterpret pc=0x00007f236507e2e0 method=sun.font.CompositeStrike.getStrikeForSlot(I)Lsun/font/PhysicalStrike; @ 8
Event: 9.864 Thread 0x00007f237426f800 Uncommon trap: reason=null_check action=make_not_entrant pc=0x00007f23650879ec method=javax.swing.plaf.nimbus.NimbusDefaults$LazyStyle.matches(Ljava/awt/Component;I)Z @ 39

Internal exceptions (10 events):
Event: 1.465 Thread 0x00007f237400a000 Exception <a 'java/lang/ClassNotFoundException': ToolTip> (0x00000000d765ca60) thrown at [/HUDSON/workspace/8-2-build-linux-amd64/jdk8u151/9699/hotspot/src/share/vm/classfile/systemDictionary.cpp, line 210]
Event: 1.469 Thread 0x00007f237400a000 Exception <a 'java/lang/ClassNotFoundException': Tree> (0x00000000d765d680) thrown at [/HUDSON/workspace/8-2-build-linux-amd64/jdk8u151/9699/hotspot/src/share/vm/classfile/systemDictionary.cpp, line 210]
Event: 1.469 Thread 0x00007f237400a000 Exception <a 'java/lang/ClassNotFoundException': Tree> (0x00000000d765ddc0) thrown at [/HUDSON/workspace/8-2-build-linux-amd64/jdk8u151/9699/hotspot/src/share/vm/classfile/systemDictionary.cpp, line 210]
Event: 1.469 Thread 0x00007f237400a000 Exception <a 'java/lang/ClassNotFoundException': javax/swing/JTreeCell> (0x00000000d765e140) thrown at [/HUDSON/workspace/8-2-build-linux-amd64/jdk8u151/9699/hotspot/src/share/vm/classfile/systemDictionary.cpp, line 210]
Event: 1.469 Thread 0x00007f237400a000 Exception <a 'java/lang/ClassNotFoundException': TreeCell> (0x00000000d765e5c8) thrown at [/HUDSON/workspace/8-2-build-linux-amd64/jdk8u151/9699/hotspot/src/share/vm/classfile/systemDictionary.cpp, line 210]
Event: 1.474 Thread 0x00007f237400a000 Exception <a 'java/lang/ClassNotFoundException': RootPane> (0x00000000d765f028) thrown at [/HUDSON/workspace/8-2-build-linux-amd64/jdk8u151/9699/hotspot/src/share/vm/classfile/systemDictionary.cpp, line 210]
Event: 1.649 Thread 0x00007f237426f800 Implicit null exception at 0x00007f2364b9a0b6 to 0x00007f2364b9a465
Event: 4.054 Thread 0x00007f237426f800 Exception <a 'java/lang/UnsupportedOperationException': > (0x00000000d86baaf0) thrown at [/HUDSON/workspace/8-2-build-linux-amd64/jdk8u151/9699/hotspot/src/share/vm/prims/jni.cpp, line 735]
Event: 5.529 Thread 0x00007f237426f800 Exception <a 'java/lang/UnsupportedOperationException': > (0x00000000d87f2cb8) thrown at [/HUDSON/workspace/8-2-build-linux-amd64/jdk8u151/9699/hotspot/src/share/vm/prims/jni.cpp, line 735]
Event: 9.864 Thread 0x00007f237426f800 Implicit null exception at 0x00007f2365084232 to 0x00007f23650879d1

Events (10 events):
Event: 30.436 Executing VM operation: ParallelGCFailedAllocation done
Event: 33.249 Executing VM operation: ParallelGCFailedAllocation
Event: 39.202 Executing VM operation: ParallelGCFailedAllocation done
Event: 41.431 Executing VM operation: ParallelGCFailedAllocation
Event: 42.436 Executing VM operation: ParallelGCFailedAllocation done
Event: 44.392 Executing VM operation: ParallelGCFailedAllocation
Event: 45.307 Executing VM operation: ParallelGCFailedAllocation done
Event: 47.765 Executing VM operation: ParallelGCFailedAllocation
Event: 49.112 Executing VM operation: ParallelGCFailedAllocation done
Event: 51.330 Executing VM operation: ParallelGCFailedAllocation


Dynamic libraries:
00400000-00401000 r-xp 00000000 08:01 9308656                            /usr/lib/jvm/java-8-oracle/bin/java
00600000-00601000 rw-p 00000000 08:01 9308656                            /usr/lib/jvm/java-8-oracle/bin/java
0073a000-0075b000 rw-p 00000000 00:00 0                                  [heap]
85200000-a1600000 rw-p 00000000 00:00 0 
af580000-d7100000 ---p 00000000 00:00 0 
d7100000-100000000 rw-p 00000000 00:00 0 
100000000-100280000 rw-p 00000000 00:00 0 
100280000-140000000 ---p 00000000 00:00 0 
7f22fc000000-7f22fc021000 rw-p 00000000 00:00 0 
7f22fc021000-7f2300000000 ---p 00000000 00:00 0 
7f2304000000-7f2304021000 rw-p 00000000 00:00 0 
7f2304021000-7f2308000000 ---p 00000000 00:00 0 
7f2308000000-7f2308021000 rw-p 00000000 00:00 0 
7f2308021000-7f230c000000 ---p 00000000 00:00 0 
7f230c000000-7f230c41f000 rw-p 00000000 00:00 0 
7f230c41f000-7f2310000000 ---p 00000000 00:00 0 
7f2310000000-7f231005a000 rw-p 00000000 00:00 0 
7f231005a000-7f2314000000 ---p 00000000 00:00 0 
7f2314000000-7f2314021000 rw-p 00000000 00:00 0 
7f2314021000-7f2318000000 ---p 00000000 00:00 0 
7f2318fff000-7f231c000000 rw-p 00000000 00:00 0 
7f231c000000-7f231c021000 rw-p 00000000 00:00 0 
7f231c021000-7f2320000000 ---p 00000000 00:00 0 
7f2320000000-7f2320034000 rw-p 00000000 00:00 0 
7f2320034000-7f2324000000 ---p 00000000 00:00 0 
7f2324000000-7f2324021000 rw-p 00000000 00:00 0 
7f2324021000-7f2328000000 ---p 00000000 00:00 0 
7f2328000000-7f2328021000 rw-p 00000000 00:00 0 
7f2328021000-7f232c000000 ---p 00000000 00:00 0 
7f232c000000-7f232ccb7000 rw-p 00000000 00:00 0 
7f232ccb7000-7f2330000000 ---p 00000000 00:00 0 
7f2330000000-7f2330887000 rw-p 00000000 00:00 0 
7f2330887000-7f2334000000 ---p 00000000 00:00 0 
7f2334000000-7f2334021000 rw-p 00000000 00:00 0 
7f2334021000-7f2338000000 ---p 00000000 00:00 0 
7f2338000000-7f233890e000 rw-p 00000000 00:00 0 
7f233890e000-7f233c000000 ---p 00000000 00:00 0 
7f233c000000-7f233c021000 rw-p 00000000 00:00 0 
7f233c021000-7f2340000000 ---p 00000000 00:00 0 
7f2340000000-7f2340021000 rw-p 00000000 00:00 0 
7f2340021000-7f2344000000 ---p 00000000 00:00 0 
7f2344000000-7f23447d7000 rw-p 00000000 00:00 0 
7f23447d7000-7f2348000000 ---p 00000000 00:00 0 
7f2348000000-7f23482d9000 rw-p 00000000 00:00 0 
7f23482d9000-7f234c000000 ---p 00000000 00:00 0 
7f234c000000-7f234db82000 rw-p 00000000 00:00 0 
7f234db82000-7f2350000000 ---p 00000000 00:00 0 
7f2350ad2000-7f2350add000 r--s 00000000 08:01 14942302                   /var/cache/fontconfig/945677eb7aeaf62f1d50efc3fb3ec7d8-le64.cache-6
7f2350add000-7f2350adf000 r--s 00000000 08:01 14953938                   /var/cache/fontconfig/99e8ed0e538f840c565b6ed5dad60d56-le64.cache-6
7f2350adf000-7f2350ae8000 r--s 00000000 08:01 14953678                   /var/cache/fontconfig/a6d8cf8e4ec09cdbc8633c31745a07dd-le64.cache-6
7f2350ae8000-7f2350aee000 r--s 00000000 08:01 14942284                   /var/cache/fontconfig/2cd17615ca594fa2959ae173292e504c-le64.cache-6
7f2350aee000-7f2350aef000 r--s 00000000 08:01 14942281                   /var/cache/fontconfig/0d8c3b2ac0904cb8a57a757ad11a4a08-le64.cache-6
7f2350aef000-7f2350af3000 r--s 00000000 08:01 14952511                   /var/cache/fontconfig/5aa0758679636099ac12dc31b5ab2fe8-le64.cache-6
7f2350af3000-7f2350b08000 r--s 00000000 08:01 14942278                   /var/cache/fontconfig/04aabc0a78ac019cf9454389977116d2-le64.cache-6
7f2350b08000-7f2350b09000 r--s 00000000 08:01 14942283                   /var/cache/fontconfig/1ac9eb803944fde146138c791f5cc56a-le64.cache-6
7f2350b09000-7f2350b0d000 r--s 00000000 08:01 14942288                   /var/cache/fontconfig/385c0604a188198f04d133e54aba7fe7-le64.cache-6
7f2350b0d000-7f2350b0e000 r--s 00000000 08:01 14942315                   /var/cache/fontconfig/dc05db6664285cc2f12bf69c139ae4c3-le64.cache-6
7f2350b0e000-7f2350b11000 r--s 00000000 08:01 14942298                   /var/cache/fontconfig/767a8244fc0220cfb567a839d0392e0b-le64.cache-6
7f2350b11000-7f2350b12000 r--s 00000000 08:01 14942289                   /var/cache/fontconfig/4794a0821666d79190d59a36cb4f44b5-le64.cache-6
7f2350b12000-7f2350b17000 r--s 00000000 08:01 14942301                   /var/cache/fontconfig/8801497958630a81b71ace7c5f9b32a8-le64.cache-6
7f2350b17000-7f2350b52000 r--s 00000000 08:01 14945337                   /var/cache/fontconfig/365b55f210c0a22e9a19e35191240f32-le64.cache-6
7f2350b52000-7f2350b53000 r--s 00000000 08:01 14942308                   /var/cache/fontconfig/bab58bb527bb656aaa9f116d68a48d89-le64.cache-6
7f2350b53000-7f2350b5a000 r--s 00000000 08:01 14942285                   /var/cache/fontconfig/3047814df9a2f067bd2d96a2b9c36e5a-le64.cache-6
7f2350b5a000-7f2350b5b000 r--s 00000000 08:01 14942292                   /var/cache/fontconfig/56cf4f4769d0f4abc89a4895d7bd3ae1-le64.cache-6
7f2350b5b000-7f2350b61000 r--s 00000000 08:01 14942306                   /var/cache/fontconfig/b47c4e1ecd0709278f4910c18777a504-le64.cache-6
7f2350b61000-7f2350b69000 r--s 00000000 08:01 14953677                   /var/cache/fontconfig/52f7bdb7ce746bfd7eaa1985bd9cfa93-le64.cache-6
7f2350b69000-7f2350b7c000 r--s 00000000 08:01 14942312                   /var/cache/fontconfig/d52a8644073d54c13679302ca1180695-le64.cache-6
7f2350b7c000-7f2350b80000 r--s 00000000 08:01 14942313                   /var/cache/fontconfig/d589a48862398ed80a3d6066f4f56f4c-le64.cache-6
7f2350b80000-7f2350b83000 r--s 00000000 08:01 14942297                   /var/cache/fontconfig/75114ca45c98e8a441da0ff356701271-le64.cache-6
7f2350b83000-7f2350b95000 r--s 00000000 08:01 14942304                   /var/cache/fontconfig/9b89f8e3dae116d678bbf48e5f21f69b-le64.cache-6
7f2350c26000-7f2350da6000 rw-p 00000000 00:00 0 
7f2350da6000-7f2350e26000 ---p 00000000 00:00 0 
7f2350e26000-7f2350e29000 ---p 00000000 00:00 0 
7f2350e29000-7f2351127000 rw-p 00000000 00:00 0 
7f2351127000-7f2351327000 rw-p 00000000 00:00 0 
7f2351327000-7f23513c0000 rw-s 00000000 00:05 44236817                   /SYSV00000000 (deleted)
7f23516ea000-7f23516eb000 r--s 00000000 08:01 14942307                   /var/cache/fontconfig/b9d506c9ac06c20b433354fa67a72993-le64.cache-6
7f23516eb000-7f23516ec000 r--s 00000000 08:01 14942291                   /var/cache/fontconfig/551ecf3b0e8b0bca0f25c0944f561853-le64.cache-6
7f23516ec000-7f23516f7000 r--s 00000000 08:01 14942300                   /var/cache/fontconfig/83bf95040141907cd45bb53cf7c1c148-le64.cache-6
7f23516f7000-7f2351704000 r--s 00000000 08:01 14952517                   /var/cache/fontconfig/e13b20fdb08344e0e664864cc2ede53d-le64.cache-6
7f2351704000-7f2351708000 r--s 00000000 08:01 14945170                   /var/cache/fontconfig/7ef2298fde41cc6eeb7af42e48b7d293-le64.cache-6
7f2351708000-7f2351732000 r-xp 00000000 08:01 9571781                    /usr/lib/jvm/java-8-oracle/jre/lib/amd64/libdcpr.so
7f2351732000-7f2351932000 ---p 0002a000 08:01 9571781                    /usr/lib/jvm/java-8-oracle/jre/lib/amd64/libdcpr.so
7f2351932000-7f2351935000 rw-p 0002a000 08:01 9571781                    /usr/lib/jvm/java-8-oracle/jre/lib/amd64/libdcpr.so
7f2351935000-7f235199e000 r-xp 00000000 08:01 9571795                    /usr/lib/jvm/java-8-oracle/jre/lib/amd64/libt2k.so
7f235199e000-7f2351b9e000 ---p 00069000 08:01 9571795                    /usr/lib/jvm/java-8-oracle/jre/lib/amd64/libt2k.so
7f2351b9e000-7f2351ba5000 rw-p 00069000 08:01 9571795                    /usr/lib/jvm/java-8-oracle/jre/lib/amd64/libt2k.so
7f2351ba5000-7f2351bb5000 rw-p 00000000 00:00 0 
7f2351bb5000-7f2351bb8000 ---p 00000000 00:00 0 
7f2351bb8000-7f2351eb6000 rw-p 00000000 00:00 0 
7f2351eb6000-7f2351ef1000 r-xp 00000000 08:01 9571779                    /usr/lib/jvm/java-8-oracle/jre/lib/amd64/libjpeg.so
7f2351ef1000-7f23520f0000 ---p 0003b000 08:01 9571779                    /usr/lib/jvm/java-8-oracle/jre/lib/amd64/libjpeg.so
7f23520f0000-7f23520f1000 rw-p 0003a000 08:01 9571779                    /usr/lib/jvm/java-8-oracle/jre/lib/amd64/libjpeg.so
7f23520f1000-7f23520f4000 ---p 00000000 00:00 0 
7f23520f4000-7f23521f2000 rw-p 00000000 00:00 0 
7f23521f2000-7f23521f5000 ---p 00000000 00:00 0 
7f23521f5000-7f23522f3000 rw-p 00000000 00:00 0 
7f23522f3000-7f23522f6000 ---p 00000000 00:00 0 
7f23522f6000-7f23523f4000 rw-p 00000000 00:00 0 
7f23523f4000-7f23523f7000 ---p 00000000 00:00 0 
7f23523f7000-7f23526f5000 rw-p 00000000 00:00 0 
7f23526f5000-7f2352706000 r-xp 00000000 08:01 9571829                    /usr/lib/jvm/java-8-oracle/jre/lib/amd64/libnio.so
7f2352706000-7f2352905000 ---p 00011000 08:01 9571829                    /usr/lib/jvm/java-8-oracle/jre/lib/amd64/libnio.so
7f2352905000-7f2352906000 rw-p 00010000 08:01 9571829                    /usr/lib/jvm/java-8-oracle/jre/lib/amd64/libnio.so
7f2352906000-7f235291d000 r-xp 00000000 08:01 9571826                    /usr/lib/jvm/java-8-oracle/jre/lib/amd64/libnet.so
7f235291d000-7f2352b1c000 ---p 00017000 08:01 9571826                    /usr/lib/jvm/java-8-oracle/jre/lib/amd64/libnet.so
7f2352b1c000-7f2352b1d000 rw-p 00016000 08:01 9571826                    /usr/lib/jvm/java-8-oracle/jre/lib/amd64/libnet.so
7f2352b1d000-7f2352b20000 ---p 00000000 00:00 0 
7f2352b20000-7f2352c1e000 rw-p 00000000 00:00 0 
7f2352c1e000-7f2352c23000 r-xp 00000000 08:01 9183057                    /usr/lib/x86_64-linux-gnu/libXfixes.so.3.1.0
7f2352c23000-7f2352e22000 ---p 00005000 08:01 9183057                    /usr/lib/x86_64-linux-gnu/libXfixes.so.3.1.0
7f2352e22000-7f2352e23000 r--p 00004000 08:01 9183057                    /usr/lib/x86_64-linux-gnu/libXfixes.so.3.1.0
7f2352e23000-7f2352e24000 rw-p 00005000 08:01 9183057                    /usr/lib/x86_64-linux-gnu/libXfixes.so.3.1.0
7f2352e24000-7f2352e2d000 r-xp 00000000 08:01 9190367                    /usr/lib/x86_64-linux-gnu/libXcursor.so.1.0.2
7f2352e2d000-7f235302c000 ---p 00009000 08:01 9190367                    /usr/lib/x86_64-linux-gnu/libXcursor.so.1.0.2
7f235302c000-7f235302d000 r--p 00008000 08:01 9190367                    /usr/lib/x86_64-linux-gnu/libXcursor.so.1.0.2
7f235302d000-7f235302e000 rw-p 00009000 08:01 9190367                    /usr/lib/x86_64-linux-gnu/libXcursor.so.1.0.2
7f235302e000-7f2353031000 ---p 00000000 00:00 0 
7f2353031000-7f235312f000 rw-p 00000000 00:00 0 
7f235312f000-7f2353145000 r-xp 00000000 08:01 3936762                    /lib/x86_64-linux-gnu/libgcc_s.so.1
7f2353145000-7f2353344000 ---p 00016000 08:01 3936762                    /lib/x86_64-linux-gnu/libgcc_s.so.1
7f2353344000-7f2353345000 rw-p 00015000 08:01 3936762                    /lib/x86_64-linux-gnu/libgcc_s.so.1
7f2353345000-7f23533aa000 r-xp 00000000 08:01 9571807                    /usr/lib/jvm/java-8-oracle/jre/lib/amd64/libfontmanager.so
7f23533aa000-7f23535a9000 ---p 00065000 08:01 9571807                    /usr/lib/jvm/java-8-oracle/jre/lib/amd64/libfontmanager.so
7f23535a9000-7f23535ae000 rw-p 00064000 08:01 9571807                    /usr/lib/jvm/java-8-oracle/jre/lib/amd64/libfontmanager.so
7f23535ae000-7f23535be000 rw-p 00000000 00:00 0 
7f23535be000-7f23535c3000 r-xp 00000000 08:01 9183053                    /usr/lib/x86_64-linux-gnu/libXdmcp.so.6.0.0
7f23535c3000-7f23537c2000 ---p 00005000 08:01 9183053                    /usr/lib/x86_64-linux-gnu/libXdmcp.so.6.0.0
7f23537c2000-7f23537c3000 r--p 00004000 08:01 9183053                    /usr/lib/x86_64-linux-gnu/libXdmcp.so.6.0.0
7f23537c3000-7f23537c4000 rw-p 00005000 08:01 9183053                    /usr/lib/x86_64-linux-gnu/libXdmcp.so.6.0.0
7f23537c4000-7f23537c6000 r-xp 00000000 08:01 9183042                    /usr/lib/x86_64-linux-gnu/libXau.so.6.0.0
7f23537c6000-7f23539c6000 ---p 00002000 08:01 9183042                    /usr/lib/x86_64-linux-gnu/libXau.so.6.0.0
7f23539c6000-7f23539c7000 r--p 00002000 08:01 9183042                    /usr/lib/x86_64-linux-gnu/libXau.so.6.0.0
7f23539c7000-7f23539c8000 rw-p 00003000 08:01 9183042                    /usr/lib/x86_64-linux-gnu/libXau.so.6.0.0
7f23539c8000-7f23539e9000 r-xp 00000000 08:01 9184460                    /usr/lib/x86_64-linux-gnu/libxcb.so.1.1.0
7f23539e9000-7f2353be8000 ---p 00021000 08:01 9184460                    /usr/lib/x86_64-linux-gnu/libxcb.so.1.1.0
7f2353be8000-7f2353be9000 r--p 00020000 08:01 9184460                    /usr/lib/x86_64-linux-gnu/libxcb.so.1.1.0
7f2353be9000-7f2353bea000 rw-p 00021000 08:01 9184460                    /usr/lib/x86_64-linux-gnu/libxcb.so.1.1.0
7f2353bea000-7f2353bf9000 r-xp 00000000 08:01 9183065                    /usr/lib/x86_64-linux-gnu/libXi.so.6.1.0
7f2353bf9000-7f2353df8000 ---p 0000f000 08:01 9183065                    /usr/lib/x86_64-linux-gnu/libXi.so.6.1.0
7f2353df8000-7f2353df9000 r--p 0000e000 08:01 9183065                    /usr/lib/x86_64-linux-gnu/libXi.so.6.1.0
7f2353df9000-7f2353dfa000 rw-p 0000f000 08:01 9183065                    /usr/lib/x86_64-linux-gnu/libXi.so.6.1.0
7f2353dfa000-7f2353dff000 r-xp 00000000 08:01 9183083                    /usr/lib/x86_64-linux-gnu/libXtst.so.6.1.0
7f2353dff000-7f2353ffe000 ---p 00005000 08:01 9183083                    /usr/lib/x86_64-linux-gnu/libXtst.so.6.1.0
7f2353ffe000-7f2353fff000 r--p 00004000 08:01 9183083                    /usr/lib/x86_64-linux-gnu/libXtst.so.6.1.0
7f2353fff000-7f2354000000 rw-p 00005000 08:01 9183083                    /usr/lib/x86_64-linux-gnu/libXtst.so.6.1.0
7f2354000000-7f2356040000 rw-p 00000000 00:00 0 
7f2356040000-7f2358000000 ---p 00000000 00:00 0 
7f2358000000-7f2358001000 r--s 00000000 08:01 14942286                   /var/cache/fontconfig/30829fa25452a46451e813d634d7f916-le64.cache-6
7f2358001000-7f2358002000 r--s 00000000 08:01 14942280                   /var/cache/fontconfig/0c9eb80ebd1c36541ebe2852d3bb0c49-le64.cache-6
7f2358046000-7f2358051000 r--s 00000000 08:01 14942302                   /var/cache/fontconfig/945677eb7aeaf62f1d50efc3fb3ec7d8-le64.cache-6
7f2358051000-7f2358053000 r--s 00000000 08:01 14953938                   /var/cache/fontconfig/99e8ed0e538f840c565b6ed5dad60d56-le64.cache-6
7f2358053000-7f235805c000 r--s 00000000 08:01 14953678                   /var/cache/fontconfig/a6d8cf8e4ec09cdbc8633c31745a07dd-le64.cache-6
7f235805c000-7f2358062000 r--s 00000000 08:01 14942284                   /var/cache/fontconfig/2cd17615ca594fa2959ae173292e504c-le64.cache-6
7f2358062000-7f2358063000 r--s 00000000 08:01 14942281                   /var/cache/fontconfig/0d8c3b2ac0904cb8a57a757ad11a4a08-le64.cache-6
7f2358063000-7f2358067000 r--s 00000000 08:01 14952511                   /var/cache/fontconfig/5aa0758679636099ac12dc31b5ab2fe8-le64.cache-6
7f2358067000-7f235807c000 r--s 00000000 08:01 14942278                   /var/cache/fontconfig/04aabc0a78ac019cf9454389977116d2-le64.cache-6
7f235807c000-7f235807d000 r--s 00000000 08:01 14942283                   /var/cache/fontconfig/1ac9eb803944fde146138c791f5cc56a-le64.cache-6
7f235807d000-7f2358081000 r--s 00000000 08:01 14942288                   /var/cache/fontconfig/385c0604a188198f04d133e54aba7fe7-le64.cache-6
7f2358081000-7f2358082000 r--s 00000000 08:01 14942315                   /var/cache/fontconfig/dc05db6664285cc2f12bf69c139ae4c3-le64.cache-6
7f2358082000-7f2358085000 r--s 00000000 08:01 14942298                   /var/cache/fontconfig/767a8244fc0220cfb567a839d0392e0b-le64.cache-6
7f2358085000-7f2358086000 r--s 00000000 08:01 14942289                   /var/cache/fontconfig/4794a0821666d79190d59a36cb4f44b5-le64.cache-6
7f2358086000-7f235808f000 r-xp 00000000 08:01 9183077                    /usr/lib/x86_64-linux-gnu/libXrender.so.1.3.0
7f235808f000-7f235828e000 ---p 00009000 08:01 9183077                    /usr/lib/x86_64-linux-gnu/libXrender.so.1.3.0
7f235828e000-7f235828f000 r--p 00008000 08:01 9183077                    /usr/lib/x86_64-linux-gnu/libXrender.so.1.3.0
7f235828f000-7f2358290000 rw-p 00009000 08:01 9183077                    /usr/lib/x86_64-linux-gnu/libXrender.so.1.3.0
7f2358290000-7f235c000000 rw-p 00000000 00:00 0 
7f235c000000-7f235d03e000 rw-p 00000000 00:00 0 
7f235d03e000-7f2360000000 ---p 00000000 00:00 0 
7f2360000000-7f2360005000 r--s 00000000 08:01 14942301                   /var/cache/fontconfig/8801497958630a81b71ace7c5f9b32a8-le64.cache-6
7f2360005000-7f2360040000 r--s 00000000 08:01 14945337                   /var/cache/fontconfig/365b55f210c0a22e9a19e35191240f32-le64.cache-6
7f2360040000-7f2360047000 r--s 00000000 08:01 14942285                   /var/cache/fontconfig/3047814df9a2f067bd2d96a2b9c36e5a-le64.cache-6
7f2360047000-7f236004d000 r--s 00000000 08:01 14942306                   /var/cache/fontconfig/b47c4e1ecd0709278f4910c18777a504-le64.cache-6
7f236004d000-7f2360055000 r--s 00000000 08:01 14953677                   /var/cache/fontconfig/52f7bdb7ce746bfd7eaa1985bd9cfa93-le64.cache-6
7f2360055000-7f2360068000 r--s 00000000 08:01 14942312                   /var/cache/fontconfig/d52a8644073d54c13679302ca1180695-le64.cache-6
7f2360068000-7f236006c000 r--s 00000000 08:01 14942313                   /var/cache/fontconfig/d589a48862398ed80a3d6066f4f56f4c-le64.cache-6
7f236006c000-7f23601a1000 r-xp 00000000 08:01 9183038                    /usr/lib/x86_64-linux-gnu/libX11.so.6.3.0
7f23601a1000-7f23603a1000 ---p 00135000 08:01 9183038                    /usr/lib/x86_64-linux-gnu/libX11.so.6.3.0
7f23603a1000-7f23603a2000 r--p 00135000 08:01 9183038                    /usr/lib/x86_64-linux-gnu/libX11.so.6.3.0
7f23603a2000-7f23603a6000 rw-p 00136000 08:01 9183038                    /usr/lib/x86_64-linux-gnu/libX11.so.6.3.0
7f23603a6000-7f23603b7000 r-xp 00000000 08:01 9183055                    /usr/lib/x86_64-linux-gnu/libXext.so.6.4.0
7f23603b7000-7f23605b6000 ---p 00011000 08:01 9183055                    /usr/lib/x86_64-linux-gnu/libXext.so.6.4.0
7f23605b6000-7f23605b7000 r--p 00010000 08:01 9183055                    /usr/lib/x86_64-linux-gnu/libXext.so.6.4.0
7f23605b7000-7f23605b8000 rw-p 00011000 08:01 9183055                    /usr/lib/x86_64-linux-gnu/libXext.so.6.4.0
7f23605b8000-7f23605b9000 r--s 00000000 08:01 14942308                   /var/cache/fontconfig/bab58bb527bb656aaa9f116d68a48d89-le64.cache-6
7f23605b9000-7f23605c4000 r--s 00000000 08:01 14942300                   /var/cache/fontconfig/83bf95040141907cd45bb53cf7c1c148-le64.cache-6
7f23605c4000-7f23605d6000 r--s 00000000 08:01 14942304                   /var/cache/fontconfig/9b89f8e3dae116d678bbf48e5f21f69b-le64.cache-6
7f23605d6000-7f236062a000 r-xp 00000000 08:01 9571833                    /usr/lib/jvm/java-8-oracle/jre/lib/amd64/libawt_xawt.so
7f236062a000-7f236082a000 ---p 00054000 08:01 9571833                    /usr/lib/jvm/java-8-oracle/jre/lib/amd64/libawt_xawt.so
7f236082a000-7f236082e000 rw-p 00054000 08:01 9571833                    /usr/lib/jvm/java-8-oracle/jre/lib/amd64/libawt_xawt.so
7f236082e000-7f236082f000 rw-p 00000000 00:00 0 
7f236082f000-7f23608d1000 r-xp 00000000 08:01 9571819                    /usr/lib/jvm/java-8-oracle/jre/lib/amd64/libawt.so
7f23608d1000-7f2360ad1000 ---p 000a2000 08:01 9571819                    /usr/lib/jvm/java-8-oracle/jre/lib/amd64/libawt.so
7f2360ad1000-7f2360add000 rw-p 000a2000 08:01 9571819                    /usr/lib/jvm/java-8-oracle/jre/lib/amd64/libawt.so
7f2360add000-7f2360b01000 rw-p 00000000 00:00 0 
7f2360b01000-7f2360b02000 ---p 00000000 00:00 0 
7f2360b02000-7f2360c02000 rw-p 00000000 00:00 0 
7f2360c02000-7f2360c05000 ---p 00000000 00:00 0 
7f2360c05000-7f2360d03000 rw-p 00000000 00:00 0 
7f2360d03000-7f2360d06000 ---p 00000000 00:00 0 
7f2360d06000-7f2360e04000 rw-p 00000000 00:00 0 
7f2360e04000-7f2360e07000 ---p 00000000 00:00 0 
7f2360e07000-7f2360f05000 rw-p 00000000 00:00 0 
7f2360f05000-7f2360f08000 ---p 00000000 00:00 0 
7f2360f08000-7f2361006000 rw-p 00000000 00:00 0 
7f2361006000-7f2361009000 ---p 00000000 00:00 0 
7f2361009000-7f2361107000 rw-p 00000000 00:00 0 
7f2361107000-7f2361ade000 r--p 00000000 08:01 9182069                    /usr/lib/locale/locale-archive
7f2361ade000-7f2361ae1000 ---p 00000000 00:00 0 
7f2361ae1000-7f2361bdf000 rw-p 00000000 00:00 0 
7f2361bdf000-7f2361be2000 ---p 00000000 00:00 0 
7f2361be2000-7f2361ce0000 rw-p 00000000 00:00 0 
7f2361ce0000-7f2361ce1000 ---p 00000000 00:00 0 
7f2361ce1000-7f2362d74000 rw-p 00000000 00:00 0 
7f2362d74000-7f2362f4d000 r--s 03d5a000 08:01 9571760                    /usr/lib/jvm/java-8-oracle/jre/lib/rt.jar
7f2362f4d000-7f2363b9a000 rw-p 00000000 00:00 0 
7f2363b9a000-7f2363b9b000 ---p 00000000 00:00 0 
7f2363b9b000-7f2363c9b000 rw-p 00000000 00:00 0 
7f2363c9b000-7f2363c9c000 ---p 00000000 00:00 0 
7f2363c9c000-7f2363d9c000 rw-p 00000000 00:00 0 
7f2363d9c000-7f2363d9d000 ---p 00000000 00:00 0 
7f2363d9d000-7f2363e9d000 rw-p 00000000 00:00 0 
7f2363e9d000-7f2363e9e000 ---p 00000000 00:00 0 
7f2363e9e000-7f2364080000 rw-p 00000000 00:00 0 
7f2364080000-7f236422e000 ---p 00000000 00:00 0 
7f236422e000-7f2364310000 rw-p 00000000 00:00 0 
7f2364310000-7f23644bd000 ---p 00000000 00:00 0 
7f23644bd000-7f2364605000 rw-p 00000000 00:00 0 
7f2364605000-7f2364626000 rw-p 00000000 00:00 0 
7f2364626000-7f23649c6000 ---p 00000000 00:00 0 
7f23649c6000-7f23651a6000 rwxp 00000000 00:00 0 
7f23651a6000-7f23739c6000 ---p 00000000 00:00 0 
7f23739c6000-7f23739e1000 r-xp 00000000 08:01 9571822                    /usr/lib/jvm/java-8-oracle/jre/lib/amd64/libzip.so
7f23739e1000-7f2373be1000 ---p 0001b000 08:01 9571822                    /usr/lib/jvm/java-8-oracle/jre/lib/amd64/libzip.so
7f2373be1000-7f2373be2000 rw-p 0001b000 08:01 9571822                    /usr/lib/jvm/java-8-oracle/jre/lib/amd64/libzip.so
7f2373be2000-7f2373bed000 r-xp 00000000 08:01 3936823                    /lib/x86_64-linux-gnu/libnss_files-2.23.so
7f2373bed000-7f2373dec000 ---p 0000b000 08:01 3936823                    /lib/x86_64-linux-gnu/libnss_files-2.23.so
7f2373dec000-7f2373ded000 r--p 0000a000 08:01 3936823                    /lib/x86_64-linux-gnu/libnss_files-2.23.so
7f2373ded000-7f2373dee000 rw-p 0000b000 08:01 3936823                    /lib/x86_64-linux-gnu/libnss_files-2.23.so
7f2373dee000-7f2373df4000 rw-p 00000000 00:00 0 
7f2373df4000-7f2373dff000 r-xp 00000000 08:01 3936833                    /lib/x86_64-linux-gnu/libnss_nis-2.23.so
7f2373dff000-7f2373ffe000 ---p 0000b000 08:01 3936833                    /lib/x86_64-linux-gnu/libnss_nis-2.23.so
7f2373ffe000-7f2373fff000 r--p 0000a000 08:01 3936833                    /lib/x86_64-linux-gnu/libnss_nis-2.23.so
7f2373fff000-7f2374000000 rw-p 0000b000 08:01 3936833                    /lib/x86_64-linux-gnu/libnss_nis-2.23.so
7f2374000000-7f23743db000 rw-p 00000000 00:00 0 
7f23743db000-7f2378000000 ---p 00000000 00:00 0 
7f2378000000-7f2378001000 r--s 00000000 08:01 14942292                   /var/cache/fontconfig/56cf4f4769d0f4abc89a4895d7bd3ae1-le64.cache-6
7f2378001000-7f2378002000 r--s 00000000 08:01 14942307                   /var/cache/fontconfig/b9d506c9ac06c20b433354fa67a72993-le64.cache-6
7f2378002000-7f2378005000 r--s 00000000 08:01 14942297                   /var/cache/fontconfig/75114ca45c98e8a441da0ff356701271-le64.cache-6
7f2378005000-7f2378054000 rw-p 00000000 00:00 0 
7f2378054000-7f237806a000 r-xp 00000000 08:01 3936817                    /lib/x86_64-linux-gnu/libnsl-2.23.so
7f237806a000-7f2378269000 ---p 00016000 08:01 3936817                    /lib/x86_64-linux-gnu/libnsl-2.23.so
7f2378269000-7f237826a000 r--p 00015000 08:01 3936817                    /lib/x86_64-linux-gnu/libnsl-2.23.so
7f237826a000-7f237826b000 rw-p 00016000 08:01 3936817                    /lib/x86_64-linux-gnu/libnsl-2.23.so
7f237826b000-7f237826d000 rw-p 00000000 00:00 0 
7f237826d000-7f2378275000 r-xp 00000000 08:01 3936819                    /lib/x86_64-linux-gnu/libnss_compat-2.23.so
7f2378275000-7f2378474000 ---p 00008000 08:01 3936819                    /lib/x86_64-linux-gnu/libnss_compat-2.23.so
7f2378474000-7f2378475000 r--p 00007000 08:01 3936819                    /lib/x86_64-linux-gnu/libnss_compat-2.23.so
7f2378475000-7f2378476000 rw-p 00008000 08:01 3936819                    /lib/x86_64-linux-gnu/libnss_compat-2.23.so
7f2378476000-7f23784a1000 r-xp 00000000 08:01 9571816                    /usr/lib/jvm/java-8-oracle/jre/lib/amd64/libjava.so
7f23784a1000-7f23786a0000 ---p 0002b000 08:01 9571816                    /usr/lib/jvm/java-8-oracle/jre/lib/amd64/libjava.so
7f23786a0000-7f23786a2000 rw-p 0002a000 08:01 9571816                    /usr/lib/jvm/java-8-oracle/jre/lib/amd64/libjava.so
7f23786a2000-7f23786af000 r-xp 00000000 08:01 9571821                    /usr/lib/jvm/java-8-oracle/jre/lib/amd64/libverify.so
7f23786af000-7f23788af000 ---p 0000d000 08:01 9571821                    /usr/lib/jvm/java-8-oracle/jre/lib/amd64/libverify.so
7f23788af000-7f23788b1000 rw-p 0000d000 08:01 9571821                    /usr/lib/jvm/java-8-oracle/jre/lib/amd64/libverify.so
7f23788b1000-7f23788b8000 r-xp 00000000 08:01 3936878                    /lib/x86_64-linux-gnu/librt-2.23.so
7f23788b8000-7f2378ab7000 ---p 00007000 08:01 3936878                    /lib/x86_64-linux-gnu/librt-2.23.so
7f2378ab7000-7f2378ab8000 r--p 00006000 08:01 3936878                    /lib/x86_64-linux-gnu/librt-2.23.so
7f2378ab8000-7f2378ab9000 rw-p 00007000 08:01 3936878                    /lib/x86_64-linux-gnu/librt-2.23.so
7f2378ab9000-7f2378bc1000 r-xp 00000000 08:01 3936794                    /lib/x86_64-linux-gnu/libm-2.23.so
7f2378bc1000-7f2378dc0000 ---p 00108000 08:01 3936794                    /lib/x86_64-linux-gnu/libm-2.23.so
7f2378dc0000-7f2378dc1000 r--p 00107000 08:01 3936794                    /lib/x86_64-linux-gnu/libm-2.23.so
7f2378dc1000-7f2378dc2000 rw-p 00108000 08:01 3936794                    /lib/x86_64-linux-gnu/libm-2.23.so
7f2378dc2000-7f2379a95000 r-xp 00000000 08:01 9709806                    /usr/lib/jvm/java-8-oracle/jre/lib/amd64/server/libjvm.so
7f2379a95000-7f2379c94000 ---p 00cd3000 08:01 9709806                    /usr/lib/jvm/java-8-oracle/jre/lib/amd64/server/libjvm.so
7f2379c94000-7f2379d6e000 rw-p 00cd2000 08:01 9709806                    /usr/lib/jvm/java-8-oracle/jre/lib/amd64/server/libjvm.so
7f2379d6e000-7f2379db9000 rw-p 00000000 00:00 0 
7f2379db9000-7f2379f79000 r-xp 00000000 08:01 3936724                    /lib/x86_64-linux-gnu/libc-2.23.so
7f2379f79000-7f237a179000 ---p 001c0000 08:01 3936724                    /lib/x86_64-linux-gnu/libc-2.23.so
7f237a179000-7f237a17d000 r--p 001c0000 08:01 3936724                    /lib/x86_64-linux-gnu/libc-2.23.so
7f237a17d000-7f237a17f000 rw-p 001c4000 08:01 3936724                    /lib/x86_64-linux-gnu/libc-2.23.so
7f237a17f000-7f237a183000 rw-p 00000000 00:00 0 
7f237a183000-7f237a186000 r-xp 00000000 08:01 3936748                    /lib/x86_64-linux-gnu/libdl-2.23.so
7f237a186000-7f237a385000 ---p 00003000 08:01 3936748                    /lib/x86_64-linux-gnu/libdl-2.23.so
7f237a385000-7f237a386000 r--p 00002000 08:01 3936748                    /lib/x86_64-linux-gnu/libdl-2.23.so
7f237a386000-7f237a387000 rw-p 00003000 08:01 3936748                    /lib/x86_64-linux-gnu/libdl-2.23.so
7f237a387000-7f237a39d000 r-xp 00000000 08:01 9442562                    /usr/lib/jvm/java-8-oracle/lib/amd64/jli/libjli.so
7f237a39d000-7f237a59c000 ---p 00016000 08:01 9442562                    /usr/lib/jvm/java-8-oracle/lib/amd64/jli/libjli.so
7f237a59c000-7f237a59d000 rw-p 00015000 08:01 9442562                    /usr/lib/jvm/java-8-oracle/lib/amd64/jli/libjli.so
7f237a59d000-7f237a5b5000 r-xp 00000000 08:01 3936870                    /lib/x86_64-linux-gnu/libpthread-2.23.so
7f237a5b5000-7f237a7b4000 ---p 00018000 08:01 3936870                    /lib/x86_64-linux-gnu/libpthread-2.23.so
7f237a7b4000-7f237a7b5000 r--p 00017000 08:01 3936870                    /lib/x86_64-linux-gnu/libpthread-2.23.so
7f237a7b5000-7f237a7b6000 rw-p 00018000 08:01 3936870                    /lib/x86_64-linux-gnu/libpthread-2.23.so
7f237a7b6000-7f237a7ba000 rw-p 00000000 00:00 0 
7f237a7ba000-7f237a7e0000 r-xp 00000000 08:01 3936696                    /lib/x86_64-linux-gnu/ld-2.23.so
7f237a7e0000-7f237a7e1000 r--s 00000000 08:01 14942291                   /var/cache/fontconfig/551ecf3b0e8b0bca0f25c0944f561853-le64.cache-6
7f237a7e1000-7f237a7e2000 r--s 00000000 08:01 14942286                   /var/cache/fontconfig/30829fa25452a46451e813d634d7f916-le64.cache-6
7f237a7e2000-7f237a7ef000 r--s 00000000 08:01 14952517                   /var/cache/fontconfig/e13b20fdb08344e0e664864cc2ede53d-le64.cache-6
7f237a7ef000-7f237a8ba000 rw-p 00000000 00:00 0 
7f237a8ba000-7f237a8bd000 ---p 00000000 00:00 0 
7f237a8bd000-7f237a9bf000 rw-p 00000000 00:00 0 
7f237a9bf000-7f237a9c0000 r--s 00000000 08:01 14942280                   /var/cache/fontconfig/0c9eb80ebd1c36541ebe2852d3bb0c49-le64.cache-6
7f237a9c0000-7f237a9c4000 r--s 00000000 08:01 14945170                   /var/cache/fontconfig/7ef2298fde41cc6eeb7af42e48b7d293-le64.cache-6
7f237a9c4000-7f237a9c5000 r--s 00002000 08:01 1968581                    /home/eandalin/NetBeansProjects/TestingGuestHouse/TextField.jar
7f237a9c5000-7f237a9cd000 r--s 000c4000 08:01 9186616                    /usr/local/netbeans-8.0.2/ide/modules/ext/mysql-connector-java-5.1.23-bin.jar
7f237a9cd000-7f237a9d3000 r--s 00023000 08:01 1968583                    /home/eandalin/NetBeansProjects/TestingGuestHouse/jcalendar-1.4.jar
7f237a9d3000-7f237a9db000 rw-s 00000000 08:01 13631753                   /tmp/hsperfdata_eandalin/12223
7f237a9db000-7f237a9dc000 rw-p 00000000 00:00 0 
7f237a9dc000-7f237a9dd000 ---p 00000000 00:00 0 
7f237a9dd000-7f237a9df000 rw-p 00000000 00:00 0 
7f237a9df000-7f237a9e0000 r--p 00025000 08:01 3936696                    /lib/x86_64-linux-gnu/ld-2.23.so
7f237a9e0000-7f237a9e1000 rw-p 00026000 08:01 3936696                    /lib/x86_64-linux-gnu/ld-2.23.so
7f237a9e1000-7f237a9e2000 rw-p 00000000 00:00 0 
7ffc5c0ba000-7ffc5c0db000 rw-p 00000000 00:00 0                          [stack]
7ffc5c0e7000-7ffc5c0e9000 r--p 00000000 00:00 0                          [vvar]
7ffc5c0e9000-7ffc5c0eb000 r-xp 00000000 00:00 0                          [vdso]
ffffffffff600000-ffffffffff601000 r-xp 00000000 00:00 0                  [vsyscall]

VM Arguments:
jvm_args: -Dfile.encoding=UTF-8 
java_command: testingguesthouse.MainForm
java_class_path (initial): /home/eandalin/NetBeansProjects/TestingGuestHouse/jcalendar-1.4.jar:/usr/local/netbeans-8.0.2/ide/modules/ext/mysql-connector-java-5.1.23-bin.jar:/home/eandalin/NetBeansProjects/TestingGuestHouse/TextField.jar:/home/eandalin/NetBeansProjects/TestingGuestHouse/build/classes
Launcher Type: SUN_STANDARD

Environment Variables:
JAVA_HOME=/usr/lib/jvm/java-8-oracle
PATH=/home/eandalin/bin:/home/eandalin/.local/bin:/usr/local/sbin:/usr/local/bin:/usr/sbin:/usr/bin:/sbin:/bin:/usr/games:/usr/local/games:/snap/bin:/usr/lib/jvm/java-8-oracle/bin:/usr/lib/jvm/java-8-oracle/db/bin:/usr/lib/jvm/java-8-oracle/jre/bin
LD_LIBRARY_PATH=/usr/lib/jvm/java-8-oracle/jre/lib/amd64:/usr/lib/jvm/java-8-oracle/jre/lib/i386:
SHELL=/bin/bash
DISPLAY=:0

Signal Handlers:
SIGSEGV: [libjvm.so+0xacbe10], sa_mask[0]=11111111011111111101111111111110, sa_flags=SA_RESTART|SA_SIGINFO
SIGBUS: [libjvm.so+0xacbe10], sa_mask[0]=11111111011111111101111111111110, sa_flags=SA_RESTART|SA_SIGINFO
SIGFPE: [libjvm.so+0x924f90], sa_mask[0]=11111111011111111101111111111110, sa_flags=SA_RESTART|SA_SIGINFO
SIGPIPE: [libjvm.so+0x924f90], sa_mask[0]=11111111011111111101111111111110, sa_flags=SA_RESTART|SA_SIGINFO
SIGXFSZ: [libjvm.so+0x924f90], sa_mask[0]=11111111011111111101111111111110, sa_flags=SA_RESTART|SA_SIGINFO
SIGILL: [libjvm.so+0x924f90], sa_mask[0]=11111111011111111101111111111110, sa_flags=SA_RESTART|SA_SIGINFO
SIGUSR1: SIG_DFL, sa_mask[0]=00000000000000000000000000000000, sa_flags=none
SIGUSR2: [libjvm.so+0x9267d0], sa_mask[0]=00100000000000000000000000000000, sa_flags=SA_RESTART|SA_SIGINFO
SIGHUP: [libjvm.so+0x927bd0], sa_mask[0]=11111111011111111101111111111110, sa_flags=SA_RESTART|SA_SIGINFO
SIGINT: SIG_IGN, sa_mask[0]=00000000000000000000000000000000, sa_flags=none
SIGTERM: [libjvm.so+0x927bd0], sa_mask[0]=11111111011111111101111111111110, sa_flags=SA_RESTART|SA_SIGINFO
SIGQUIT: [libjvm.so+0x927bd0], sa_mask[0]=11111111011111111101111111111110, sa_flags=SA_RESTART|SA_SIGINFO


---------------  S Y S T E M  ---------------

OS:DISTRIB_ID=Ubuntu
DISTRIB_RELEASE=16.04
DISTRIB_CODENAME=xenial
DISTRIB_DESCRIPTION="Ubuntu 16.04.3 LTS"

uname:Linux 4.10.0-28-generic #32~16.04.2-Ubuntu SMP Thu Jul 20 10:19:48 UTC 2017 x86_64
libc:glibc 2.23 NPTL 2.23 
rlimit: STACK 8192k, CORE 0k, NPROC 31272, NOFILE 1048576, AS infinity
load average:7.22 3.32 1.81

/proc/meminfo:
MemTotal:        8049624 kB
MemFree:          119944 kB
MemAvailable:      99776 kB
Buffers:            1232 kB
Cached:           625808 kB
SwapCached:            0 kB
Active:          7164932 kB
Inactive:         538464 kB
Active(anon):    7078244 kB
Inactive(anon):   449024 kB
Active(file):      86688 kB
Inactive(file):    89440 kB
Unevictable:          64 kB
Mlocked:              64 kB
SwapTotal:             0 kB
SwapFree:              0 kB
Dirty:              2300 kB
Writeback:             0 kB
AnonPages:       7076684 kB
Mapped:           282604 kB
Shmem:            450680 kB
Slab:              95812 kB
SReclaimable:      49052 kB
SUnreclaim:        46760 kB
KernelStack:       11344 kB
PageTables:        54212 kB
NFS_Unstable:          0 kB
Bounce:                0 kB
WritebackTmp:          0 kB
CommitLimit:     4024812 kB
Committed_AS:   11978808 kB
VmallocTotal:   34359738367 kB
VmallocUsed:           0 kB
VmallocChunk:          0 kB
HardwareCorrupted:     0 kB
AnonHugePages:   3950592 kB
ShmemHugePages:        0 kB
ShmemPmdMapped:        0 kB
CmaTotal:              0 kB
CmaFree:               0 kB
HugePages_Total:       0
HugePages_Free:        0
HugePages_Rsvd:        0
HugePages_Surp:        0
Hugepagesize:       2048 kB
DirectMap4k:      157136 kB
DirectMap2M:     8110080 kB


CPU:total 4 (initial active 4) (2 cores per cpu, 2 threads per core) family 6 model 42 stepping 7, cmov, cx8, fxsr, mmx, sse, sse2, sse3, ssse3, sse4.1, sse4.2, popcnt, avx, aes, clmul, ht, tsc, tscinvbit

/proc/cpuinfo:
processor	: 0
vendor_id	: GenuineIntel
cpu family	: 6
model		: 42
model name	: Intel(R) Core(TM) i7-2620M CPU @ 2.70GHz
stepping	: 7
microcode	: 0x29
cpu MHz		: 2499.938
cache size	: 4096 KB
physical id	: 0
siblings	: 4
core id		: 0
cpu cores	: 2
apicid		: 0
initial apicid	: 0
fpu		: yes
fpu_exception	: yes
cpuid level	: 13
wp		: yes
flags		: fpu vme de pse tsc msr pae mce cx8 apic sep mtrr pge mca cmov pat pse36 clflush dts acpi mmx fxsr sse sse2 ss ht tm pbe syscall nx rdtscp lm constant_tsc arch_perfmon pebs bts rep_good nopl xtopology nonstop_tsc aperfmperf pni pclmulqdq dtes64 monitor ds_cpl vmx smx est tm2 ssse3 cx16 xtpr pdcm pcid sse4_1 sse4_2 x2apic popcnt tsc_deadline_timer aes xsave avx lahf_lm epb tpr_shadow vnmi flexpriority ept vpid xsaveopt dtherm ida arat pln pts
bugs		:
bogomips	: 5387.61
clflush size	: 64
cache_alignment	: 64
address sizes	: 36 bits physical, 48 bits virtual
power management:

processor	: 1
vendor_id	: GenuineIntel
cpu family	: 6
model		: 42
model name	: Intel(R) Core(TM) i7-2620M CPU @ 2.70GHz
stepping	: 7
microcode	: 0x29
cpu MHz		: 2499.938
cache size	: 4096 KB
physical id	: 0
siblings	: 4
core id		: 1
cpu cores	: 2
apicid		: 2
initial apicid	: 2
fpu		: yes
fpu_exception	: yes
cpuid level	: 13
wp		: yes
flags		: fpu vme de pse tsc msr pae mce cx8 apic sep mtrr pge mca cmov pat pse36 clflush dts acpi mmx fxsr sse sse2 ss ht tm pbe syscall nx rdtscp lm constant_tsc arch_perfmon pebs bts rep_good nopl xtopology nonstop_tsc aperfmperf pni pclmulqdq dtes64 monitor ds_cpl vmx smx est tm2 ssse3 cx16 xtpr pdcm pcid sse4_1 sse4_2 x2apic popcnt tsc_deadline_timer aes xsave avx lahf_lm epb tpr_shadow vnmi flexpriority ept vpid xsaveopt dtherm ida arat pln pts
bugs		:
bogomips	: 5387.61
clflush size	: 64
cache_alignment	: 64
address sizes	: 36 bits physical, 48 bits virtual
power management:

processor	: 2
vendor_id	: GenuineIntel
cpu family	: 6
model		: 42
model name	: Intel(R) Core(TM) i7-2620M CPU @ 2.70GHz
stepping	: 7
microcode	: 0x29
cpu MHz		: 2499.938
cache size	: 4096 KB
physical id	: 0
siblings	: 4
core id		: 0
cpu cores	: 2
apicid		: 1
initial apicid	: 1
fpu		: yes
fpu_exception	: yes
cpuid level	: 13
wp		: yes
flags		: fpu vme de pse tsc msr pae mce cx8 apic sep mtrr pge mca cmov pat pse36 clflush dts acpi mmx fxsr sse sse2 ss ht tm pbe syscall nx rdtscp lm constant_tsc arch_perfmon pebs bts rep_good nopl xtopology nonstop_tsc aperfmperf pni pclmulqdq dtes64 monitor ds_cpl vmx smx est tm2 ssse3 cx16 xtpr pdcm pcid sse4_1 sse4_2 x2apic popcnt tsc_deadline_timer aes xsave avx lahf_lm epb tpr_shadow vnmi flexpriority ept vpid xsaveopt dtherm ida arat pln pts
bugs		:
bogomips	: 5387.61
clflush size	: 64
cache_alignment	: 64
address sizes	: 36 bits physical, 48 bits virtual
power management:

processor	: 3
vendor_id	: GenuineIntel
cpu family	: 6
model		: 42
model name	: Intel(R) Core(TM) i7-2620M CPU @ 2.70GHz
stepping	: 7
microcode	: 0x29
cpu MHz		: 2499.938
cache size	: 4096 KB
physical id	: 0
siblings	: 4
core id		: 1
cpu cores	: 2
apicid		: 3
initial apicid	: 3
fpu		: yes
fpu_exception	: yes
cpuid level	: 13
wp		: yes
flags		: fpu vme de pse tsc msr pae mce cx8 apic sep mtrr pge mca cmov pat pse36 clflush dts acpi mmx fxsr sse sse2 ss ht tm pbe syscall nx rdtscp lm constant_tsc arch_perfmon pebs bts rep_good nopl xtopology nonstop_tsc aperfmperf pni pclmulqdq dtes64 monitor ds_cpl vmx smx est tm2 ssse3 cx16 xtpr pdcm pcid sse4_1 sse4_2 x2apic popcnt tsc_deadline_timer aes xsave avx lahf_lm epb tpr_shadow vnmi flexpriority ept vpid xsaveopt dtherm ida arat pln pts
bugs		:
bogomips	: 5387.61
clflush size	: 64
cache_alignment	: 64
address sizes	: 36 bits physical, 48 bits virtual
power management:



Memory: 4k page, physical 8049624k(119944k free), swap 0k(0k free)

vm_info: Java HotSpot(TM) 64-Bit Server VM (25.151-b12) for linux-amd64 JRE (1.8.0_151-b12), built on Sep  5 2017 19:20:58 by "java_re" with gcc 4.3.0 20080428 (Red Hat 4.3.0-8)

time: Wed Jan 17 12:24:24 2018
elapsed time: 62 seconds (0d 0h 1m 2s)

